[2019-09-11T13:18:27.388] [INFO] http - {
  "url": "/",
  "method": "GET",
  "query": {},
  "body": {}
}
[2019-09-11T13:19:17.083] [INFO] http - {
  "url": "/",
  "method": "GET",
  "query": {},
  "body": {}
}
[2019-09-11T13:23:51.214] [INFO] http - {
  "url": "/",
  "method": "GET",
  "query": {},
  "body": {}
}
[2019-09-11T13:23:52.160] [INFO] http - {
  "url": "/",
  "method": "GET",
  "query": {},
  "body": {}
}
[2019-09-11T13:23:52.355] [INFO] http - {
  "url": "/",
  "method": "GET",
  "query": {},
  "body": {}
}
[2019-09-11T13:23:52.532] [INFO] http - {
  "url": "/",
  "method": "GET",
  "query": {},
  "body": {}
}
[2019-09-11T13:23:52.714] [INFO] http - {
  "url": "/",
  "method": "GET",
  "query": {},
  "body": {}
}
[2019-09-11T13:23:52.905] [INFO] http - {
  "url": "/",
  "method": "GET",
  "query": {},
  "body": {}
}
[2019-09-11T13:23:53.086] [INFO] http - {
  "url": "/",
  "method": "GET",
  "query": {},
  "body": {}
}
[2019-09-11T13:23:53.278] [INFO] http - {
  "url": "/",
  "method": "GET",
  "query": {},
  "body": {}
}
[2019-09-11T13:23:53.468] [INFO] http - {
  "url": "/",
  "method": "GET",
  "query": {},
  "body": {}
}
[2019-09-11T13:23:53.727] [INFO] http - {
  "url": "/",
  "method": "GET",
  "query": {},
  "body": {}
}
[2019-09-11T13:23:53.927] [INFO] http - {
  "url": "/",
  "method": "GET",
  "query": {},
  "body": {}
}
[2019-09-11T13:23:54.144] [INFO] http - {
  "url": "/",
  "method": "GET",
  "query": {},
  "body": {}
}
[2019-09-11T13:24:17.356] [INFO] http - {
  "url": "/",
  "method": "GET",
  "query": {},
  "body": {}
}
[2019-09-11T13:25:03.539] [INFO] http - {
  "url": "/",
  "method": "GET",
  "query": {},
  "body": {}
}
